[2022-07-25T16:04:33.429265+02:00] Ridwan\Belajar\PHP\MVC\HandlerTest.INFO: Belajar Pemrograman PHP Logging [] []
[2022-07-25T16:04:33.433134+02:00] Ridwan\Belajar\PHP\MVC\HandlerTest.INFO: Selamat Datang [] []
[2022-07-25T16:04:33.433517+02:00] Ridwan\Belajar\PHP\MVC\HandlerTest.INFO: Ini Informasi Aplikasi Logging [] []
[2022-07-25T16:21:08.970226+02:00] Ridwan\Belajar\PHP\MVC\LevelTest.DEBUG: This is debug [] []
[2022-07-25T16:21:08.978391+02:00] Ridwan\Belajar\PHP\MVC\LevelTest.INFO: This is info [] []
[2022-07-25T16:21:08.987623+02:00] Ridwan\Belajar\PHP\MVC\LevelTest.NOTICE: This is notice [] []
[2022-07-25T16:21:09.000477+02:00] Ridwan\Belajar\PHP\MVC\LevelTest.WARNING: This is warning [] []
[2022-07-25T16:21:09.002361+02:00] Ridwan\Belajar\PHP\MVC\LevelTest.ERROR: This is error [] []
[2022-07-25T16:21:09.018666+02:00] Ridwan\Belajar\PHP\MVC\LevelTest.CRITICAL: This is critical [] []
[2022-07-25T16:21:09.019816+02:00] Ridwan\Belajar\PHP\MVC\LevelTest.ALERT: This is alert [] []
[2022-07-25T16:21:09.023061+02:00] Ridwan\Belajar\PHP\MVC\LevelTest.EMERGENCY: This is emergency [] []
[2022-07-25T16:46:48.666907+02:00] Ridwan\Belajar\PHP\MVC\ResetTest.INFO: Perulangan ke-0 [] {"hostname":"RIDWANSATRIA","memory_usage":"4 MB","git":[]}
[2022-07-25T16:46:48.842988+02:00] Ridwan\Belajar\PHP\MVC\ResetTest.INFO: Perulangan ke-1 [] {"hostname":"RIDWANSATRIA","memory_usage":"4 MB","git":[]}
[2022-07-25T16:46:48.992142+02:00] Ridwan\Belajar\PHP\MVC\ResetTest.INFO: Perulangan ke-2 [] {"hostname":"RIDWANSATRIA","memory_usage":"4 MB","git":[]}
[2022-07-25T16:46:49.180500+02:00] Ridwan\Belajar\PHP\MVC\ResetTest.INFO: Perulangan ke-3 [] {"hostname":"RIDWANSATRIA","memory_usage":"4 MB","git":[]}
[2022-07-25T16:46:49.349720+02:00] Ridwan\Belajar\PHP\MVC\ResetTest.INFO: Perulangan ke-4 [] {"hostname":"RIDWANSATRIA","memory_usage":"4 MB","git":[]}
[2022-07-25T16:46:49.525198+02:00] Ridwan\Belajar\PHP\MVC\ResetTest.INFO: Perulangan ke-5 [] {"hostname":"RIDWANSATRIA","memory_usage":"4 MB","git":[]}
[2022-07-25T16:46:49.724827+02:00] Ridwan\Belajar\PHP\MVC\ResetTest.INFO: Perulangan ke-6 [] {"hostname":"RIDWANSATRIA","memory_usage":"4 MB","git":[]}
[2022-07-25T16:46:49.879431+02:00] Ridwan\Belajar\PHP\MVC\ResetTest.INFO: Perulangan ke-7 [] {"hostname":"RIDWANSATRIA","memory_usage":"4 MB","git":[]}
[2022-07-25T16:46:50.079398+02:00] Ridwan\Belajar\PHP\MVC\ResetTest.INFO: Perulangan ke-8 [] {"hostname":"RIDWANSATRIA","memory_usage":"4 MB","git":[]}
[2022-07-25T16:46:50.262014+02:00] Ridwan\Belajar\PHP\MVC\ResetTest.INFO: Perulangan ke-9 [] {"hostname":"RIDWANSATRIA","memory_usage":"4 MB","git":[]}
[2022-07-25T16:46:50.448162+02:00] Ridwan\Belajar\PHP\MVC\ResetTest.INFO: Perulangan ke-10 [] {"hostname":"RIDWANSATRIA","memory_usage":"4 MB","git":[]}
[2022-07-25T16:46:50.615485+02:00] Ridwan\Belajar\PHP\MVC\ResetTest.INFO: Perulangan ke-11 [] {"hostname":"RIDWANSATRIA","memory_usage":"4 MB","git":[]}
[2022-07-25T16:46:50.801584+02:00] Ridwan\Belajar\PHP\MVC\ResetTest.INFO: Perulangan ke-12 [] {"hostname":"RIDWANSATRIA","memory_usage":"4 MB","git":[]}
[2022-07-25T16:46:50.971858+02:00] Ridwan\Belajar\PHP\MVC\ResetTest.INFO: Perulangan ke-13 [] {"hostname":"RIDWANSATRIA","memory_usage":"4 MB","git":[]}
[2022-07-25T16:46:51.161550+02:00] Ridwan\Belajar\PHP\MVC\ResetTest.INFO: Perulangan ke-14 [] {"hostname":"RIDWANSATRIA","memory_usage":"4 MB","git":[]}
[2022-07-25T16:46:51.363449+02:00] Ridwan\Belajar\PHP\MVC\ResetTest.INFO: Perulangan ke-15 [] {"hostname":"RIDWANSATRIA","memory_usage":"4 MB","git":[]}
[2022-07-25T16:46:51.545031+02:00] Ridwan\Belajar\PHP\MVC\ResetTest.INFO: Perulangan ke-16 [] {"hostname":"RIDWANSATRIA","memory_usage":"4 MB","git":[]}
[2022-07-25T16:46:51.711943+02:00] Ridwan\Belajar\PHP\MVC\ResetTest.INFO: Perulangan ke-17 [] {"hostname":"RIDWANSATRIA","memory_usage":"4 MB","git":[]}
[2022-07-25T16:46:51.911677+02:00] Ridwan\Belajar\PHP\MVC\ResetTest.INFO: Perulangan ke-18 [] {"hostname":"RIDWANSATRIA","memory_usage":"4 MB","git":[]}
[2022-07-25T16:46:52.128309+02:00] Ridwan\Belajar\PHP\MVC\ResetTest.INFO: Perulangan ke-19 [] {"hostname":"RIDWANSATRIA","memory_usage":"4 MB","git":[]}
[2022-07-25T16:46:52.288047+02:00] Ridwan\Belajar\PHP\MVC\ResetTest.INFO: Perulangan ke-20 [] {"hostname":"RIDWANSATRIA","memory_usage":"4 MB","git":[]}
[2022-07-25T16:46:52.460384+02:00] Ridwan\Belajar\PHP\MVC\ResetTest.INFO: Perulangan ke-21 [] {"hostname":"RIDWANSATRIA","memory_usage":"4 MB","git":[]}
[2022-07-25T16:46:52.651063+02:00] Ridwan\Belajar\PHP\MVC\ResetTest.INFO: Perulangan ke-22 [] {"hostname":"RIDWANSATRIA","memory_usage":"4 MB","git":[]}
[2022-07-25T16:46:52.840583+02:00] Ridwan\Belajar\PHP\MVC\ResetTest.INFO: Perulangan ke-23 [] {"hostname":"RIDWANSATRIA","memory_usage":"4 MB","git":[]}
[2022-07-25T16:46:53.045783+02:00] Ridwan\Belajar\PHP\MVC\ResetTest.INFO: Perulangan ke-24 [] {"hostname":"RIDWANSATRIA","memory_usage":"4 MB","git":[]}
[2022-07-25T16:46:53.238865+02:00] Ridwan\Belajar\PHP\MVC\ResetTest.INFO: Perulangan ke-25 [] {"hostname":"RIDWANSATRIA","memory_usage":"4 MB","git":[]}
[2022-07-25T16:46:53.426327+02:00] Ridwan\Belajar\PHP\MVC\ResetTest.INFO: Perulangan ke-26 [] {"hostname":"RIDWANSATRIA","memory_usage":"4 MB","git":[]}
[2022-07-25T16:46:53.604489+02:00] Ridwan\Belajar\PHP\MVC\ResetTest.INFO: Perulangan ke-27 [] {"hostname":"RIDWANSATRIA","memory_usage":"4 MB","git":[]}
[2022-07-25T16:46:53.825929+02:00] Ridwan\Belajar\PHP\MVC\ResetTest.INFO: Perulangan ke-28 [] {"hostname":"RIDWANSATRIA","memory_usage":"4 MB","git":[]}
[2022-07-25T16:46:53.999829+02:00] Ridwan\Belajar\PHP\MVC\ResetTest.INFO: Perulangan ke-29 [] {"hostname":"RIDWANSATRIA","memory_usage":"4 MB","git":[]}
[2022-07-25T16:46:54.171199+02:00] Ridwan\Belajar\PHP\MVC\ResetTest.INFO: Perulangan ke-30 [] {"hostname":"RIDWANSATRIA","memory_usage":"4 MB","git":[]}
[2022-07-25T16:46:54.338182+02:00] Ridwan\Belajar\PHP\MVC\ResetTest.INFO: Perulangan ke-31 [] {"hostname":"RIDWANSATRIA","memory_usage":"4 MB","git":[]}
[2022-07-25T16:46:54.576322+02:00] Ridwan\Belajar\PHP\MVC\ResetTest.INFO: Perulangan ke-32 [] {"hostname":"RIDWANSATRIA","memory_usage":"4 MB","git":[]}
[2022-07-25T16:46:54.769169+02:00] Ridwan\Belajar\PHP\MVC\ResetTest.INFO: Perulangan ke-33 [] {"hostname":"RIDWANSATRIA","memory_usage":"4 MB","git":[]}
[2022-07-25T16:46:54.940380+02:00] Ridwan\Belajar\PHP\MVC\ResetTest.INFO: Perulangan ke-34 [] {"hostname":"RIDWANSATRIA","memory_usage":"4 MB","git":[]}
[2022-07-25T16:46:55.156861+02:00] Ridwan\Belajar\PHP\MVC\ResetTest.INFO: Perulangan ke-35 [] {"hostname":"RIDWANSATRIA","memory_usage":"4 MB","git":[]}
[2022-07-25T16:46:55.367311+02:00] Ridwan\Belajar\PHP\MVC\ResetTest.INFO: Perulangan ke-36 [] {"hostname":"RIDWANSATRIA","memory_usage":"4 MB","git":[]}
[2022-07-25T16:46:55.539336+02:00] Ridwan\Belajar\PHP\MVC\ResetTest.INFO: Perulangan ke-37 [] {"hostname":"RIDWANSATRIA","memory_usage":"4 MB","git":[]}
[2022-07-25T16:46:55.707611+02:00] Ridwan\Belajar\PHP\MVC\ResetTest.INFO: Perulangan ke-38 [] {"hostname":"RIDWANSATRIA","memory_usage":"4 MB","git":[]}
[2022-07-25T16:46:55.886012+02:00] Ridwan\Belajar\PHP\MVC\ResetTest.INFO: Perulangan ke-39 [] {"hostname":"RIDWANSATRIA","memory_usage":"4 MB","git":[]}
[2022-07-25T16:46:56.053088+02:00] Ridwan\Belajar\PHP\MVC\ResetTest.INFO: Perulangan ke-40 [] {"hostname":"RIDWANSATRIA","memory_usage":"4 MB","git":[]}
[2022-07-25T16:46:56.270397+02:00] Ridwan\Belajar\PHP\MVC\ResetTest.INFO: Perulangan ke-41 [] {"hostname":"RIDWANSATRIA","memory_usage":"4 MB","git":[]}
[2022-07-25T16:46:56.424273+02:00] Ridwan\Belajar\PHP\MVC\ResetTest.INFO: Perulangan ke-42 [] {"hostname":"RIDWANSATRIA","memory_usage":"4 MB","git":[]}
[2022-07-25T16:46:56.591635+02:00] Ridwan\Belajar\PHP\MVC\ResetTest.INFO: Perulangan ke-43 [] {"hostname":"RIDWANSATRIA","memory_usage":"4 MB","git":[]}
[2022-07-25T16:46:56.782015+02:00] Ridwan\Belajar\PHP\MVC\ResetTest.INFO: Perulangan ke-44 [] {"hostname":"RIDWANSATRIA","memory_usage":"4 MB","git":[]}
[2022-07-25T16:46:56.984707+02:00] Ridwan\Belajar\PHP\MVC\ResetTest.INFO: Perulangan ke-45 [] {"hostname":"RIDWANSATRIA","memory_usage":"4 MB","git":[]}
[2022-07-25T16:46:57.136734+02:00] Ridwan\Belajar\PHP\MVC\ResetTest.INFO: Perulangan ke-46 [] {"hostname":"RIDWANSATRIA","memory_usage":"4 MB","git":[]}
[2022-07-25T16:46:57.321112+02:00] Ridwan\Belajar\PHP\MVC\ResetTest.INFO: Perulangan ke-47 [] {"hostname":"RIDWANSATRIA","memory_usage":"4 MB","git":[]}
[2022-07-25T16:46:57.508519+02:00] Ridwan\Belajar\PHP\MVC\ResetTest.INFO: Perulangan ke-48 [] {"hostname":"RIDWANSATRIA","memory_usage":"4 MB","git":[]}
[2022-07-25T16:46:57.699605+02:00] Ridwan\Belajar\PHP\MVC\ResetTest.INFO: Perulangan ke-49 [] {"hostname":"RIDWANSATRIA","memory_usage":"4 MB","git":[]}
[2022-07-25T16:46:57.887350+02:00] Ridwan\Belajar\PHP\MVC\ResetTest.INFO: Perulangan ke-50 [] {"hostname":"RIDWANSATRIA","memory_usage":"4 MB","git":[]}
[2022-07-25T16:46:58.062164+02:00] Ridwan\Belajar\PHP\MVC\ResetTest.INFO: Perulangan ke-51 [] {"hostname":"RIDWANSATRIA","memory_usage":"4 MB","git":[]}
[2022-07-25T16:46:58.233563+02:00] Ridwan\Belajar\PHP\MVC\ResetTest.INFO: Perulangan ke-52 [] {"hostname":"RIDWANSATRIA","memory_usage":"4 MB","git":[]}
[2022-07-25T16:46:58.415303+02:00] Ridwan\Belajar\PHP\MVC\ResetTest.INFO: Perulangan ke-53 [] {"hostname":"RIDWANSATRIA","memory_usage":"4 MB","git":[]}
[2022-07-25T16:46:58.603165+02:00] Ridwan\Belajar\PHP\MVC\ResetTest.INFO: Perulangan ke-54 [] {"hostname":"RIDWANSATRIA","memory_usage":"4 MB","git":[]}
[2022-07-25T16:46:58.763550+02:00] Ridwan\Belajar\PHP\MVC\ResetTest.INFO: Perulangan ke-55 [] {"hostname":"RIDWANSATRIA","memory_usage":"4 MB","git":[]}
[2022-07-25T16:46:58.936516+02:00] Ridwan\Belajar\PHP\MVC\ResetTest.INFO: Perulangan ke-56 [] {"hostname":"RIDWANSATRIA","memory_usage":"4 MB","git":[]}
[2022-07-25T16:46:59.152536+02:00] Ridwan\Belajar\PHP\MVC\ResetTest.INFO: Perulangan ke-57 [] {"hostname":"RIDWANSATRIA","memory_usage":"4 MB","git":[]}
[2022-07-25T16:46:59.336416+02:00] Ridwan\Belajar\PHP\MVC\ResetTest.INFO: Perulangan ke-58 [] {"hostname":"RIDWANSATRIA","memory_usage":"4 MB","git":[]}
[2022-07-25T16:46:59.506066+02:00] Ridwan\Belajar\PHP\MVC\ResetTest.INFO: Perulangan ke-59 [] {"hostname":"RIDWANSATRIA","memory_usage":"4 MB","git":[]}
[2022-07-25T16:46:59.750917+02:00] Ridwan\Belajar\PHP\MVC\ResetTest.INFO: Perulangan ke-60 [] {"hostname":"RIDWANSATRIA","memory_usage":"4 MB","git":[]}
[2022-07-25T16:46:59.967389+02:00] Ridwan\Belajar\PHP\MVC\ResetTest.INFO: Perulangan ke-61 [] {"hostname":"RIDWANSATRIA","memory_usage":"4 MB","git":[]}
[2022-07-25T16:47:00.228979+02:00] Ridwan\Belajar\PHP\MVC\ResetTest.INFO: Perulangan ke-62 [] {"hostname":"RIDWANSATRIA","memory_usage":"4 MB","git":[]}
[2022-07-25T16:47:00.387508+02:00] Ridwan\Belajar\PHP\MVC\ResetTest.INFO: Perulangan ke-63 [] {"hostname":"RIDWANSATRIA","memory_usage":"4 MB","git":[]}
[2022-07-25T16:47:00.541069+02:00] Ridwan\Belajar\PHP\MVC\ResetTest.INFO: Perulangan ke-64 [] {"hostname":"RIDWANSATRIA","memory_usage":"4 MB","git":[]}
[2022-07-25T16:47:00.744608+02:00] Ridwan\Belajar\PHP\MVC\ResetTest.INFO: Perulangan ke-65 [] {"hostname":"RIDWANSATRIA","memory_usage":"4 MB","git":[]}
[2022-07-25T16:47:00.896732+02:00] Ridwan\Belajar\PHP\MVC\ResetTest.INFO: Perulangan ke-66 [] {"hostname":"RIDWANSATRIA","memory_usage":"4 MB","git":[]}
[2022-07-25T16:47:01.100641+02:00] Ridwan\Belajar\PHP\MVC\ResetTest.INFO: Perulangan ke-67 [] {"hostname":"RIDWANSATRIA","memory_usage":"4 MB","git":[]}
[2022-07-25T16:47:01.286853+02:00] Ridwan\Belajar\PHP\MVC\ResetTest.INFO: Perulangan ke-68 [] {"hostname":"RIDWANSATRIA","memory_usage":"4 MB","git":[]}
[2022-07-25T16:47:01.701756+02:00] Ridwan\Belajar\PHP\MVC\ResetTest.INFO: Perulangan ke-69 [] {"hostname":"RIDWANSATRIA","memory_usage":"4 MB","git":[]}
[2022-07-25T16:47:01.916714+02:00] Ridwan\Belajar\PHP\MVC\ResetTest.INFO: Perulangan ke-70 [] {"hostname":"RIDWANSATRIA","memory_usage":"4 MB","git":[]}
[2022-07-25T16:47:02.100324+02:00] Ridwan\Belajar\PHP\MVC\ResetTest.INFO: Perulangan ke-71 [] {"hostname":"RIDWANSATRIA","memory_usage":"4 MB","git":[]}
[2022-07-25T16:47:02.260350+02:00] Ridwan\Belajar\PHP\MVC\ResetTest.INFO: Perulangan ke-72 [] {"hostname":"RIDWANSATRIA","memory_usage":"4 MB","git":[]}
[2022-07-25T16:47:02.441665+02:00] Ridwan\Belajar\PHP\MVC\ResetTest.INFO: Perulangan ke-73 [] {"hostname":"RIDWANSATRIA","memory_usage":"4 MB","git":[]}
[2022-07-25T16:47:02.663078+02:00] Ridwan\Belajar\PHP\MVC\ResetTest.INFO: Perulangan ke-74 [] {"hostname":"RIDWANSATRIA","memory_usage":"4 MB","git":[]}
[2022-07-25T16:47:02.877173+02:00] Ridwan\Belajar\PHP\MVC\ResetTest.INFO: Perulangan ke-75 [] {"hostname":"RIDWANSATRIA","memory_usage":"4 MB","git":[]}
[2022-07-25T16:47:03.046279+02:00] Ridwan\Belajar\PHP\MVC\ResetTest.INFO: Perulangan ke-76 [] {"hostname":"RIDWANSATRIA","memory_usage":"4 MB","git":[]}
[2022-07-25T16:47:03.511822+02:00] Ridwan\Belajar\PHP\MVC\ResetTest.INFO: Perulangan ke-77 [] {"hostname":"RIDWANSATRIA","memory_usage":"4 MB","git":[]}
[2022-07-25T16:47:03.901885+02:00] Ridwan\Belajar\PHP\MVC\ResetTest.INFO: Perulangan ke-78 [] {"hostname":"RIDWANSATRIA","memory_usage":"4 MB","git":[]}
[2022-07-25T16:47:04.277477+02:00] Ridwan\Belajar\PHP\MVC\ResetTest.INFO: Perulangan ke-79 [] {"hostname":"RIDWANSATRIA","memory_usage":"4 MB","git":[]}
[2022-07-25T16:47:04.568309+02:00] Ridwan\Belajar\PHP\MVC\ResetTest.INFO: Perulangan ke-80 [] {"hostname":"RIDWANSATRIA","memory_usage":"4 MB","git":[]}
[2022-07-25T16:47:04.898032+02:00] Ridwan\Belajar\PHP\MVC\ResetTest.INFO: Perulangan ke-81 [] {"hostname":"RIDWANSATRIA","memory_usage":"4 MB","git":[]}
[2022-07-25T16:47:05.217171+02:00] Ridwan\Belajar\PHP\MVC\ResetTest.INFO: Perulangan ke-82 [] {"hostname":"RIDWANSATRIA","memory_usage":"4 MB","git":[]}
[2022-07-25T16:47:05.583500+02:00] Ridwan\Belajar\PHP\MVC\ResetTest.INFO: Perulangan ke-83 [] {"hostname":"RIDWANSATRIA","memory_usage":"4 MB","git":[]}
[2022-07-25T16:47:05.881770+02:00] Ridwan\Belajar\PHP\MVC\ResetTest.INFO: Perulangan ke-84 [] {"hostname":"RIDWANSATRIA","memory_usage":"4 MB","git":[]}
[2022-07-25T16:47:06.149939+02:00] Ridwan\Belajar\PHP\MVC\ResetTest.INFO: Perulangan ke-85 [] {"hostname":"RIDWANSATRIA","memory_usage":"4 MB","git":[]}
[2022-07-25T16:47:06.692810+02:00] Ridwan\Belajar\PHP\MVC\ResetTest.INFO: Perulangan ke-86 [] {"hostname":"RIDWANSATRIA","memory_usage":"4 MB","git":[]}
[2022-07-25T16:47:07.070499+02:00] Ridwan\Belajar\PHP\MVC\ResetTest.INFO: Perulangan ke-87 [] {"hostname":"RIDWANSATRIA","memory_usage":"4 MB","git":[]}
[2022-07-25T16:47:07.491913+02:00] Ridwan\Belajar\PHP\MVC\ResetTest.INFO: Perulangan ke-88 [] {"hostname":"RIDWANSATRIA","memory_usage":"4 MB","git":[]}
[2022-07-25T16:47:07.747364+02:00] Ridwan\Belajar\PHP\MVC\ResetTest.INFO: Perulangan ke-89 [] {"hostname":"RIDWANSATRIA","memory_usage":"4 MB","git":[]}
[2022-07-25T16:47:07.962699+02:00] Ridwan\Belajar\PHP\MVC\ResetTest.INFO: Perulangan ke-90 [] {"hostname":"RIDWANSATRIA","memory_usage":"4 MB","git":[]}
[2022-07-25T16:47:08.229830+02:00] Ridwan\Belajar\PHP\MVC\ResetTest.INFO: Perulangan ke-91 [] {"hostname":"RIDWANSATRIA","memory_usage":"4 MB","git":[]}
[2022-07-25T16:47:08.557325+02:00] Ridwan\Belajar\PHP\MVC\ResetTest.INFO: Perulangan ke-92 [] {"hostname":"RIDWANSATRIA","memory_usage":"4 MB","git":[]}
[2022-07-25T16:47:08.995344+02:00] Ridwan\Belajar\PHP\MVC\ResetTest.INFO: Perulangan ke-93 [] {"hostname":"RIDWANSATRIA","memory_usage":"4 MB","git":[]}
[2022-07-25T16:47:09.295824+02:00] Ridwan\Belajar\PHP\MVC\ResetTest.INFO: Perulangan ke-94 [] {"hostname":"RIDWANSATRIA","memory_usage":"4 MB","git":[]}
[2022-07-25T16:47:09.711708+02:00] Ridwan\Belajar\PHP\MVC\ResetTest.INFO: Perulangan ke-95 [] {"hostname":"RIDWANSATRIA","memory_usage":"4 MB","git":[]}
[2022-07-25T16:47:10.191067+02:00] Ridwan\Belajar\PHP\MVC\ResetTest.INFO: Perulangan ke-96 [] {"hostname":"RIDWANSATRIA","memory_usage":"4 MB","git":[]}
[2022-07-25T16:47:10.560553+02:00] Ridwan\Belajar\PHP\MVC\ResetTest.INFO: Perulangan ke-97 [] {"hostname":"RIDWANSATRIA","memory_usage":"4 MB","git":[]}
[2022-07-25T16:47:10.777542+02:00] Ridwan\Belajar\PHP\MVC\ResetTest.INFO: Perulangan ke-98 [] {"hostname":"RIDWANSATRIA","memory_usage":"4 MB","git":[]}
[2022-07-25T16:47:11.090575+02:00] Ridwan\Belajar\PHP\MVC\ResetTest.INFO: Perulangan ke-99 [] {"hostname":"RIDWANSATRIA","memory_usage":"4 MB","git":[]}
[2022-07-25T16:47:11.359529+02:00] Ridwan\Belajar\PHP\MVC\ResetTest.INFO: Perulangan ke-100 [] {"hostname":"RIDWANSATRIA","memory_usage":"4 MB","git":[]}
[2022-07-25T16:47:11.560097+02:00] Ridwan\Belajar\PHP\MVC\ResetTest.INFO: Perulangan ke-101 [] {"hostname":"RIDWANSATRIA","memory_usage":"4 MB","git":[]}
[2022-07-25T16:47:11.824751+02:00] Ridwan\Belajar\PHP\MVC\ResetTest.INFO: Perulangan ke-102 [] {"hostname":"RIDWANSATRIA","memory_usage":"4 MB","git":[]}
[2022-07-25T16:47:12.041505+02:00] Ridwan\Belajar\PHP\MVC\ResetTest.INFO: Perulangan ke-103 [] {"hostname":"RIDWANSATRIA","memory_usage":"4 MB","git":[]}
[2022-07-25T16:47:12.291251+02:00] Ridwan\Belajar\PHP\MVC\ResetTest.INFO: Perulangan ke-104 [] {"hostname":"RIDWANSATRIA","memory_usage":"4 MB","git":[]}
[2022-07-25T16:47:12.591916+02:00] Ridwan\Belajar\PHP\MVC\ResetTest.INFO: Perulangan ke-105 [] {"hostname":"RIDWANSATRIA","memory_usage":"4 MB","git":[]}
[2022-07-25T16:47:12.809451+02:00] Ridwan\Belajar\PHP\MVC\ResetTest.INFO: Perulangan ke-106 [] {"hostname":"RIDWANSATRIA","memory_usage":"4 MB","git":[]}
[2022-07-25T16:47:13.047983+02:00] Ridwan\Belajar\PHP\MVC\ResetTest.INFO: Perulangan ke-107 [] {"hostname":"RIDWANSATRIA","memory_usage":"4 MB","git":[]}
[2022-07-25T16:47:13.469214+02:00] Ridwan\Belajar\PHP\MVC\ResetTest.INFO: Perulangan ke-108 [] {"hostname":"RIDWANSATRIA","memory_usage":"4 MB","git":[]}
[2022-07-25T16:47:14.004882+02:00] Ridwan\Belajar\PHP\MVC\ResetTest.INFO: Perulangan ke-109 [] {"hostname":"RIDWANSATRIA","memory_usage":"4 MB","git":[]}
[2022-07-25T16:47:14.268554+02:00] Ridwan\Belajar\PHP\MVC\ResetTest.INFO: Perulangan ke-110 [] {"hostname":"RIDWANSATRIA","memory_usage":"4 MB","git":[]}
[2022-07-25T16:47:14.523959+02:00] Ridwan\Belajar\PHP\MVC\ResetTest.INFO: Perulangan ke-111 [] {"hostname":"RIDWANSATRIA","memory_usage":"4 MB","git":[]}
[2022-07-25T16:47:14.840240+02:00] Ridwan\Belajar\PHP\MVC\ResetTest.INFO: Perulangan ke-112 [] {"hostname":"RIDWANSATRIA","memory_usage":"4 MB","git":[]}
[2022-07-25T16:47:15.147972+02:00] Ridwan\Belajar\PHP\MVC\ResetTest.INFO: Perulangan ke-113 [] {"hostname":"RIDWANSATRIA","memory_usage":"4 MB","git":[]}
[2022-07-25T16:47:15.721701+02:00] Ridwan\Belajar\PHP\MVC\ResetTest.INFO: Perulangan ke-114 [] {"hostname":"RIDWANSATRIA","memory_usage":"4 MB","git":[]}
[2022-07-25T16:47:16.230064+02:00] Ridwan\Belajar\PHP\MVC\ResetTest.INFO: Perulangan ke-115 [] {"hostname":"RIDWANSATRIA","memory_usage":"4 MB","git":[]}
[2022-07-25T16:47:17.054496+02:00] Ridwan\Belajar\PHP\MVC\ResetTest.INFO: Perulangan ke-116 [] {"hostname":"RIDWANSATRIA","memory_usage":"4 MB","git":[]}
[2022-07-25T16:47:17.790594+02:00] Ridwan\Belajar\PHP\MVC\ResetTest.INFO: Perulangan ke-117 [] {"hostname":"RIDWANSATRIA","memory_usage":"4 MB","git":[]}
[2022-07-25T16:47:18.004885+02:00] Ridwan\Belajar\PHP\MVC\ResetTest.INFO: Perulangan ke-118 [] {"hostname":"RIDWANSATRIA","memory_usage":"4 MB","git":[]}
[2022-07-25T16:47:18.118455+02:00] Ridwan\Belajar\PHP\MVC\ResetTest.INFO: Perulangan ke-119 [] {"hostname":"RIDWANSATRIA","memory_usage":"4 MB","git":[]}
[2022-07-25T16:47:18.273185+02:00] Ridwan\Belajar\PHP\MVC\ResetTest.INFO: Perulangan ke-120 [] {"hostname":"RIDWANSATRIA","memory_usage":"4 MB","git":[]}
[2022-07-25T16:47:18.411844+02:00] Ridwan\Belajar\PHP\MVC\ResetTest.INFO: Perulangan ke-121 [] {"hostname":"RIDWANSATRIA","memory_usage":"4 MB","git":[]}
[2022-07-25T16:47:18.570526+02:00] Ridwan\Belajar\PHP\MVC\ResetTest.INFO: Perulangan ke-122 [] {"hostname":"RIDWANSATRIA","memory_usage":"4 MB","git":[]}
[2022-07-25T16:47:18.715642+02:00] Ridwan\Belajar\PHP\MVC\ResetTest.INFO: Perulangan ke-123 [] {"hostname":"RIDWANSATRIA","memory_usage":"4 MB","git":[]}
[2022-07-25T16:47:18.946200+02:00] Ridwan\Belajar\PHP\MVC\ResetTest.INFO: Perulangan ke-124 [] {"hostname":"RIDWANSATRIA","memory_usage":"4 MB","git":[]}
[2022-07-25T16:47:19.091581+02:00] Ridwan\Belajar\PHP\MVC\ResetTest.INFO: Perulangan ke-125 [] {"hostname":"RIDWANSATRIA","memory_usage":"4 MB","git":[]}
[2022-07-25T16:47:19.213258+02:00] Ridwan\Belajar\PHP\MVC\ResetTest.INFO: Perulangan ke-126 [] {"hostname":"RIDWANSATRIA","memory_usage":"4 MB","git":[]}
[2022-07-25T16:47:19.425878+02:00] Ridwan\Belajar\PHP\MVC\ResetTest.INFO: Perulangan ke-127 [] {"hostname":"RIDWANSATRIA","memory_usage":"4 MB","git":[]}
[2022-07-25T16:47:19.591837+02:00] Ridwan\Belajar\PHP\MVC\ResetTest.INFO: Perulangan ke-128 [] {"hostname":"RIDWANSATRIA","memory_usage":"4 MB","git":[]}
[2022-07-25T16:47:20.259664+02:00] Ridwan\Belajar\PHP\MVC\ResetTest.INFO: Perulangan ke-129 [] {"hostname":"RIDWANSATRIA","memory_usage":"4 MB","git":[]}
[2022-07-25T16:47:20.450637+02:00] Ridwan\Belajar\PHP\MVC\ResetTest.INFO: Perulangan ke-130 [] {"hostname":"RIDWANSATRIA","memory_usage":"4 MB","git":[]}
[2022-07-25T16:47:20.639008+02:00] Ridwan\Belajar\PHP\MVC\ResetTest.INFO: Perulangan ke-131 [] {"hostname":"RIDWANSATRIA","memory_usage":"4 MB","git":[]}
[2022-07-25T16:47:20.879979+02:00] Ridwan\Belajar\PHP\MVC\ResetTest.INFO: Perulangan ke-132 [] {"hostname":"RIDWANSATRIA","memory_usage":"4 MB","git":[]}
[2022-07-25T16:47:21.192915+02:00] Ridwan\Belajar\PHP\MVC\ResetTest.INFO: Perulangan ke-133 [] {"hostname":"RIDWANSATRIA","memory_usage":"4 MB","git":[]}
[2022-07-25T16:47:21.479197+02:00] Ridwan\Belajar\PHP\MVC\ResetTest.INFO: Perulangan ke-134 [] {"hostname":"RIDWANSATRIA","memory_usage":"4 MB","git":[]}
[2022-07-25T16:47:21.916471+02:00] Ridwan\Belajar\PHP\MVC\ResetTest.INFO: Perulangan ke-135 [] {"hostname":"RIDWANSATRIA","memory_usage":"4 MB","git":[]}
[2022-07-25T16:47:22.128361+02:00] Ridwan\Belajar\PHP\MVC\ResetTest.INFO: Perulangan ke-136 [] {"hostname":"RIDWANSATRIA","memory_usage":"4 MB","git":[]}
[2022-07-25T16:47:22.375110+02:00] Ridwan\Belajar\PHP\MVC\ResetTest.INFO: Perulangan ke-137 [] {"hostname":"RIDWANSATRIA","memory_usage":"4 MB","git":[]}
[2022-07-25T16:47:22.576867+02:00] Ridwan\Belajar\PHP\MVC\ResetTest.INFO: Perulangan ke-138 [] {"hostname":"RIDWANSATRIA","memory_usage":"4 MB","git":[]}
[2022-07-25T16:47:22.827908+02:00] Ridwan\Belajar\PHP\MVC\ResetTest.INFO: Perulangan ke-139 [] {"hostname":"RIDWANSATRIA","memory_usage":"4 MB","git":[]}
[2022-07-25T16:47:23.024250+02:00] Ridwan\Belajar\PHP\MVC\ResetTest.INFO: Perulangan ke-140 [] {"hostname":"RIDWANSATRIA","memory_usage":"4 MB","git":[]}
[2022-07-25T16:47:23.232880+02:00] Ridwan\Belajar\PHP\MVC\ResetTest.INFO: Perulangan ke-141 [] {"hostname":"RIDWANSATRIA","memory_usage":"4 MB","git":[]}
[2022-07-25T16:47:23.526098+02:00] Ridwan\Belajar\PHP\MVC\ResetTest.INFO: Perulangan ke-142 [] {"hostname":"RIDWANSATRIA","memory_usage":"4 MB","git":[]}
[2022-07-25T16:47:23.706229+02:00] Ridwan\Belajar\PHP\MVC\ResetTest.INFO: Perulangan ke-143 [] {"hostname":"RIDWANSATRIA","memory_usage":"4 MB","git":[]}
[2022-07-25T16:47:23.878864+02:00] Ridwan\Belajar\PHP\MVC\ResetTest.INFO: Perulangan ke-144 [] {"hostname":"RIDWANSATRIA","memory_usage":"4 MB","git":[]}
[2022-07-25T16:47:24.122530+02:00] Ridwan\Belajar\PHP\MVC\ResetTest.INFO: Perulangan ke-145 [] {"hostname":"RIDWANSATRIA","memory_usage":"4 MB","git":[]}
[2022-07-25T16:47:24.672968+02:00] Ridwan\Belajar\PHP\MVC\ResetTest.INFO: Perulangan ke-146 [] {"hostname":"RIDWANSATRIA","memory_usage":"4 MB","git":[]}
[2022-07-25T16:47:24.942407+02:00] Ridwan\Belajar\PHP\MVC\ResetTest.INFO: Perulangan ke-147 [] {"hostname":"RIDWANSATRIA","memory_usage":"4 MB","git":[]}
[2022-07-25T16:47:25.440200+02:00] Ridwan\Belajar\PHP\MVC\ResetTest.INFO: Perulangan ke-148 [] {"hostname":"RIDWANSATRIA","memory_usage":"4 MB","git":[]}
[2022-07-25T16:47:26.287246+02:00] Ridwan\Belajar\PHP\MVC\ResetTest.INFO: Perulangan ke-149 [] {"hostname":"RIDWANSATRIA","memory_usage":"4 MB","git":[]}
[2022-07-25T16:47:26.435956+02:00] Ridwan\Belajar\PHP\MVC\ResetTest.INFO: Perulangan ke-150 [] {"hostname":"RIDWANSATRIA","memory_usage":"4 MB","git":[]}
[2022-07-25T16:47:26.725177+02:00] Ridwan\Belajar\PHP\MVC\ResetTest.INFO: Perulangan ke-151 [] {"hostname":"RIDWANSATRIA","memory_usage":"4 MB","git":[]}
[2022-07-25T16:47:27.028448+02:00] Ridwan\Belajar\PHP\MVC\ResetTest.INFO: Perulangan ke-152 [] {"hostname":"RIDWANSATRIA","memory_usage":"4 MB","git":[]}
[2022-07-25T16:47:27.550708+02:00] Ridwan\Belajar\PHP\MVC\ResetTest.INFO: Perulangan ke-153 [] {"hostname":"RIDWANSATRIA","memory_usage":"4 MB","git":[]}
[2022-07-25T16:47:28.169969+02:00] Ridwan\Belajar\PHP\MVC\ResetTest.INFO: Perulangan ke-154 [] {"hostname":"RIDWANSATRIA","memory_usage":"4 MB","git":[]}
[2022-07-25T16:47:28.747110+02:00] Ridwan\Belajar\PHP\MVC\ResetTest.INFO: Perulangan ke-155 [] {"hostname":"RIDWANSATRIA","memory_usage":"4 MB","git":[]}
[2022-07-25T16:47:29.260532+02:00] Ridwan\Belajar\PHP\MVC\ResetTest.INFO: Perulangan ke-156 [] {"hostname":"RIDWANSATRIA","memory_usage":"4 MB","git":[]}
[2022-07-25T16:47:29.593191+02:00] Ridwan\Belajar\PHP\MVC\ResetTest.INFO: Perulangan ke-157 [] {"hostname":"RIDWANSATRIA","memory_usage":"4 MB","git":[]}
[2022-07-25T16:47:30.895488+02:00] Ridwan\Belajar\PHP\MVC\ResetTest.INFO: Perulangan ke-158 [] {"hostname":"RIDWANSATRIA","memory_usage":"4 MB","git":[]}
[2022-07-25T16:47:31.296711+02:00] Ridwan\Belajar\PHP\MVC\ResetTest.INFO: Perulangan ke-159 [] {"hostname":"RIDWANSATRIA","memory_usage":"4 MB","git":[]}
[2022-07-25T16:47:31.607118+02:00] Ridwan\Belajar\PHP\MVC\ResetTest.INFO: Perulangan ke-160 [] {"hostname":"RIDWANSATRIA","memory_usage":"4 MB","git":[]}
[2022-07-25T16:47:32.588630+02:00] Ridwan\Belajar\PHP\MVC\ResetTest.INFO: Perulangan ke-161 [] {"hostname":"RIDWANSATRIA","memory_usage":"4 MB","git":[]}
[2022-07-25T16:47:32.866804+02:00] Ridwan\Belajar\PHP\MVC\ResetTest.INFO: Perulangan ke-162 [] {"hostname":"RIDWANSATRIA","memory_usage":"4 MB","git":[]}
[2022-07-25T16:47:33.089874+02:00] Ridwan\Belajar\PHP\MVC\ResetTest.INFO: Perulangan ke-163 [] {"hostname":"RIDWANSATRIA","memory_usage":"4 MB","git":[]}
[2022-07-25T16:47:33.352704+02:00] Ridwan\Belajar\PHP\MVC\ResetTest.INFO: Perulangan ke-164 [] {"hostname":"RIDWANSATRIA","memory_usage":"4 MB","git":[]}
[2022-07-25T16:47:33.571051+02:00] Ridwan\Belajar\PHP\MVC\ResetTest.INFO: Perulangan ke-165 [] {"hostname":"RIDWANSATRIA","memory_usage":"4 MB","git":[]}
[2022-07-25T16:47:34.121235+02:00] Ridwan\Belajar\PHP\MVC\ResetTest.INFO: Perulangan ke-166 [] {"hostname":"RIDWANSATRIA","memory_usage":"4 MB","git":[]}
[2022-07-25T16:47:34.658878+02:00] Ridwan\Belajar\PHP\MVC\ResetTest.INFO: Perulangan ke-167 [] {"hostname":"RIDWANSATRIA","memory_usage":"4 MB","git":[]}
[2022-07-25T16:47:35.319068+02:00] Ridwan\Belajar\PHP\MVC\ResetTest.INFO: Perulangan ke-168 [] {"hostname":"RIDWANSATRIA","memory_usage":"4 MB","git":[]}
[2022-07-25T16:47:35.951925+02:00] Ridwan\Belajar\PHP\MVC\ResetTest.INFO: Perulangan ke-169 [] {"hostname":"RIDWANSATRIA","memory_usage":"4 MB","git":[]}
[2022-07-25T16:47:36.704375+02:00] Ridwan\Belajar\PHP\MVC\ResetTest.INFO: Perulangan ke-170 [] {"hostname":"RIDWANSATRIA","memory_usage":"4 MB","git":[]}
[2022-07-25T16:47:39.021997+02:00] Ridwan\Belajar\PHP\MVC\ResetTest.INFO: Perulangan ke-171 [] {"hostname":"RIDWANSATRIA","memory_usage":"4 MB","git":[]}
[2022-07-25T16:47:40.049171+02:00] Ridwan\Belajar\PHP\MVC\ResetTest.INFO: Perulangan ke-172 [] {"hostname":"RIDWANSATRIA","memory_usage":"4 MB","git":[]}
[2022-07-25T16:47:40.392867+02:00] Ridwan\Belajar\PHP\MVC\ResetTest.INFO: Perulangan ke-173 [] {"hostname":"RIDWANSATRIA","memory_usage":"4 MB","git":[]}
[2022-07-25T16:47:40.962856+02:00] Ridwan\Belajar\PHP\MVC\ResetTest.INFO: Perulangan ke-174 [] {"hostname":"RIDWANSATRIA","memory_usage":"4 MB","git":[]}
[2022-07-25T16:47:41.429094+02:00] Ridwan\Belajar\PHP\MVC\ResetTest.INFO: Perulangan ke-175 [] {"hostname":"RIDWANSATRIA","memory_usage":"4 MB","git":[]}
[2022-07-25T16:47:41.662306+02:00] Ridwan\Belajar\PHP\MVC\ResetTest.INFO: Perulangan ke-176 [] {"hostname":"RIDWANSATRIA","memory_usage":"4 MB","git":[]}
[2022-07-25T16:47:41.862314+02:00] Ridwan\Belajar\PHP\MVC\ResetTest.INFO: Perulangan ke-177 [] {"hostname":"RIDWANSATRIA","memory_usage":"4 MB","git":[]}
[2022-07-25T16:47:42.053927+02:00] Ridwan\Belajar\PHP\MVC\ResetTest.INFO: Perulangan ke-178 [] {"hostname":"RIDWANSATRIA","memory_usage":"4 MB","git":[]}
[2022-07-25T16:47:42.239493+02:00] Ridwan\Belajar\PHP\MVC\ResetTest.INFO: Perulangan ke-179 [] {"hostname":"RIDWANSATRIA","memory_usage":"4 MB","git":[]}
[2022-07-25T16:47:42.447805+02:00] Ridwan\Belajar\PHP\MVC\ResetTest.INFO: Perulangan ke-180 [] {"hostname":"RIDWANSATRIA","memory_usage":"4 MB","git":[]}
[2022-07-25T16:47:42.620036+02:00] Ridwan\Belajar\PHP\MVC\ResetTest.INFO: Perulangan ke-181 [] {"hostname":"RIDWANSATRIA","memory_usage":"4 MB","git":[]}
[2022-07-25T16:47:42.810438+02:00] Ridwan\Belajar\PHP\MVC\ResetTest.INFO: Perulangan ke-182 [] {"hostname":"RIDWANSATRIA","memory_usage":"4 MB","git":[]}
[2022-07-25T16:47:43.024128+02:00] Ridwan\Belajar\PHP\MVC\ResetTest.INFO: Perulangan ke-183 [] {"hostname":"RIDWANSATRIA","memory_usage":"4 MB","git":[]}
[2022-07-25T16:47:43.225317+02:00] Ridwan\Belajar\PHP\MVC\ResetTest.INFO: Perulangan ke-184 [] {"hostname":"RIDWANSATRIA","memory_usage":"4 MB","git":[]}
[2022-07-25T16:47:43.445516+02:00] Ridwan\Belajar\PHP\MVC\ResetTest.INFO: Perulangan ke-185 [] {"hostname":"RIDWANSATRIA","memory_usage":"4 MB","git":[]}
[2022-07-25T16:47:43.659653+02:00] Ridwan\Belajar\PHP\MVC\ResetTest.INFO: Perulangan ke-186 [] {"hostname":"RIDWANSATRIA","memory_usage":"4 MB","git":[]}
[2022-07-25T16:47:43.888779+02:00] Ridwan\Belajar\PHP\MVC\ResetTest.INFO: Perulangan ke-187 [] {"hostname":"RIDWANSATRIA","memory_usage":"4 MB","git":[]}
[2022-07-25T16:47:44.072740+02:00] Ridwan\Belajar\PHP\MVC\ResetTest.INFO: Perulangan ke-188 [] {"hostname":"RIDWANSATRIA","memory_usage":"4 MB","git":[]}
[2022-07-25T16:47:44.288974+02:00] Ridwan\Belajar\PHP\MVC\ResetTest.INFO: Perulangan ke-189 [] {"hostname":"RIDWANSATRIA","memory_usage":"4 MB","git":[]}
[2022-07-25T16:47:44.508943+02:00] Ridwan\Belajar\PHP\MVC\ResetTest.INFO: Perulangan ke-190 [] {"hostname":"RIDWANSATRIA","memory_usage":"4 MB","git":[]}
[2022-07-25T16:47:44.692330+02:00] Ridwan\Belajar\PHP\MVC\ResetTest.INFO: Perulangan ke-191 [] {"hostname":"RIDWANSATRIA","memory_usage":"4 MB","git":[]}
[2022-07-25T16:47:45.076094+02:00] Ridwan\Belajar\PHP\MVC\ResetTest.INFO: Perulangan ke-192 [] {"hostname":"RIDWANSATRIA","memory_usage":"4 MB","git":[]}
[2022-07-25T16:47:45.288201+02:00] Ridwan\Belajar\PHP\MVC\ResetTest.INFO: Perulangan ke-193 [] {"hostname":"RIDWANSATRIA","memory_usage":"4 MB","git":[]}
[2022-07-25T16:47:45.488109+02:00] Ridwan\Belajar\PHP\MVC\ResetTest.INFO: Perulangan ke-194 [] {"hostname":"RIDWANSATRIA","memory_usage":"4 MB","git":[]}
[2022-07-25T16:47:45.669078+02:00] Ridwan\Belajar\PHP\MVC\ResetTest.INFO: Perulangan ke-195 [] {"hostname":"RIDWANSATRIA","memory_usage":"4 MB","git":[]}
[2022-07-25T16:47:45.852928+02:00] Ridwan\Belajar\PHP\MVC\ResetTest.INFO: Perulangan ke-196 [] {"hostname":"RIDWANSATRIA","memory_usage":"4 MB","git":[]}
[2022-07-25T16:47:46.058865+02:00] Ridwan\Belajar\PHP\MVC\ResetTest.INFO: Perulangan ke-197 [] {"hostname":"RIDWANSATRIA","memory_usage":"4 MB","git":[]}
[2022-07-25T16:47:46.216685+02:00] Ridwan\Belajar\PHP\MVC\ResetTest.INFO: Perulangan ke-198 [] {"hostname":"RIDWANSATRIA","memory_usage":"4 MB","git":[]}
[2022-07-25T16:47:46.402026+02:00] Ridwan\Belajar\PHP\MVC\ResetTest.INFO: Perulangan ke-199 [] {"hostname":"RIDWANSATRIA","memory_usage":"4 MB","git":[]}
[2022-07-25T16:47:46.586998+02:00] Ridwan\Belajar\PHP\MVC\ResetTest.INFO: Perulangan ke-200 [] {"hostname":"RIDWANSATRIA","memory_usage":"4 MB","git":[]}
[2022-07-25T16:47:47.042272+02:00] Ridwan\Belajar\PHP\MVC\ResetTest.INFO: Perulangan ke-201 [] {"hostname":"RIDWANSATRIA","memory_usage":"4 MB","git":[]}
[2022-07-25T16:47:47.467434+02:00] Ridwan\Belajar\PHP\MVC\ResetTest.INFO: Perulangan ke-202 [] {"hostname":"RIDWANSATRIA","memory_usage":"4 MB","git":[]}
[2022-07-25T16:47:47.689664+02:00] Ridwan\Belajar\PHP\MVC\ResetTest.INFO: Perulangan ke-203 [] {"hostname":"RIDWANSATRIA","memory_usage":"4 MB","git":[]}
[2022-07-25T16:47:47.856353+02:00] Ridwan\Belajar\PHP\MVC\ResetTest.INFO: Perulangan ke-204 [] {"hostname":"RIDWANSATRIA","memory_usage":"4 MB","git":[]}
[2022-07-25T16:47:48.038082+02:00] Ridwan\Belajar\PHP\MVC\ResetTest.INFO: Perulangan ke-205 [] {"hostname":"RIDWANSATRIA","memory_usage":"4 MB","git":[]}
[2022-07-25T16:47:48.232167+02:00] Ridwan\Belajar\PHP\MVC\ResetTest.INFO: Perulangan ke-206 [] {"hostname":"RIDWANSATRIA","memory_usage":"4 MB","git":[]}
[2022-07-25T16:47:48.441460+02:00] Ridwan\Belajar\PHP\MVC\ResetTest.INFO: Perulangan ke-207 [] {"hostname":"RIDWANSATRIA","memory_usage":"4 MB","git":[]}
[2022-07-25T16:47:48.838304+02:00] Ridwan\Belajar\PHP\MVC\ResetTest.INFO: Perulangan ke-208 [] {"hostname":"RIDWANSATRIA","memory_usage":"4 MB","git":[]}
[2022-07-25T16:47:49.007043+02:00] Ridwan\Belajar\PHP\MVC\ResetTest.INFO: Perulangan ke-209 [] {"hostname":"RIDWANSATRIA","memory_usage":"4 MB","git":[]}
[2022-07-25T16:47:49.237670+02:00] Ridwan\Belajar\PHP\MVC\ResetTest.INFO: Perulangan ke-210 [] {"hostname":"RIDWANSATRIA","memory_usage":"4 MB","git":[]}
[2022-07-25T16:47:49.436441+02:00] Ridwan\Belajar\PHP\MVC\ResetTest.INFO: Perulangan ke-211 [] {"hostname":"RIDWANSATRIA","memory_usage":"4 MB","git":[]}
[2022-07-25T16:47:49.630465+02:00] Ridwan\Belajar\PHP\MVC\ResetTest.INFO: Perulangan ke-212 [] {"hostname":"RIDWANSATRIA","memory_usage":"4 MB","git":[]}
[2022-07-25T16:47:49.785050+02:00] Ridwan\Belajar\PHP\MVC\ResetTest.INFO: Perulangan ke-213 [] {"hostname":"RIDWANSATRIA","memory_usage":"4 MB","git":[]}
[2022-07-25T16:47:49.986723+02:00] Ridwan\Belajar\PHP\MVC\ResetTest.INFO: Perulangan ke-214 [] {"hostname":"RIDWANSATRIA","memory_usage":"4 MB","git":[]}
[2022-07-25T16:47:50.181195+02:00] Ridwan\Belajar\PHP\MVC\ResetTest.INFO: Perulangan ke-215 [] {"hostname":"RIDWANSATRIA","memory_usage":"4 MB","git":[]}
[2022-07-25T16:47:50.334586+02:00] Ridwan\Belajar\PHP\MVC\ResetTest.INFO: Perulangan ke-216 [] {"hostname":"RIDWANSATRIA","memory_usage":"4 MB","git":[]}
[2022-07-25T16:47:50.562733+02:00] Ridwan\Belajar\PHP\MVC\ResetTest.INFO: Perulangan ke-217 [] {"hostname":"RIDWANSATRIA","memory_usage":"4 MB","git":[]}
[2022-07-25T16:47:50.748181+02:00] Ridwan\Belajar\PHP\MVC\ResetTest.INFO: Perulangan ke-218 [] {"hostname":"RIDWANSATRIA","memory_usage":"4 MB","git":[]}
[2022-07-25T16:47:50.944416+02:00] Ridwan\Belajar\PHP\MVC\ResetTest.INFO: Perulangan ke-219 [] {"hostname":"RIDWANSATRIA","memory_usage":"4 MB","git":[]}
[2022-07-25T16:47:51.337328+02:00] Ridwan\Belajar\PHP\MVC\ResetTest.INFO: Perulangan ke-220 [] {"hostname":"RIDWANSATRIA","memory_usage":"4 MB","git":[]}
[2022-07-25T16:47:51.654459+02:00] Ridwan\Belajar\PHP\MVC\ResetTest.INFO: Perulangan ke-221 [] {"hostname":"RIDWANSATRIA","memory_usage":"4 MB","git":[]}
[2022-07-25T16:47:52.297960+02:00] Ridwan\Belajar\PHP\MVC\ResetTest.INFO: Perulangan ke-222 [] {"hostname":"RIDWANSATRIA","memory_usage":"4 MB","git":[]}
[2022-07-25T16:47:52.570173+02:00] Ridwan\Belajar\PHP\MVC\ResetTest.INFO: Perulangan ke-223 [] {"hostname":"RIDWANSATRIA","memory_usage":"4 MB","git":[]}
[2022-07-25T16:47:52.969375+02:00] Ridwan\Belajar\PHP\MVC\ResetTest.INFO: Perulangan ke-224 [] {"hostname":"RIDWANSATRIA","memory_usage":"4 MB","git":[]}
[2022-07-25T16:47:53.346540+02:00] Ridwan\Belajar\PHP\MVC\ResetTest.INFO: Perulangan ke-225 [] {"hostname":"RIDWANSATRIA","memory_usage":"4 MB","git":[]}
[2022-07-25T16:47:53.600289+02:00] Ridwan\Belajar\PHP\MVC\ResetTest.INFO: Perulangan ke-226 [] {"hostname":"RIDWANSATRIA","memory_usage":"4 MB","git":[]}
[2022-07-25T16:47:53.846169+02:00] Ridwan\Belajar\PHP\MVC\ResetTest.INFO: Perulangan ke-227 [] {"hostname":"RIDWANSATRIA","memory_usage":"4 MB","git":[]}
[2022-07-25T16:47:54.099059+02:00] Ridwan\Belajar\PHP\MVC\ResetTest.INFO: Perulangan ke-228 [] {"hostname":"RIDWANSATRIA","memory_usage":"4 MB","git":[]}
[2022-07-25T16:47:54.284886+02:00] Ridwan\Belajar\PHP\MVC\ResetTest.INFO: Perulangan ke-229 [] {"hostname":"RIDWANSATRIA","memory_usage":"4 MB","git":[]}
[2022-07-25T16:47:54.498372+02:00] Ridwan\Belajar\PHP\MVC\ResetTest.INFO: Perulangan ke-230 [] {"hostname":"RIDWANSATRIA","memory_usage":"4 MB","git":[]}
[2022-07-25T16:47:54.795009+02:00] Ridwan\Belajar\PHP\MVC\ResetTest.INFO: Perulangan ke-231 [] {"hostname":"RIDWANSATRIA","memory_usage":"4 MB","git":[]}
[2022-07-25T16:47:55.080604+02:00] Ridwan\Belajar\PHP\MVC\ResetTest.INFO: Perulangan ke-232 [] {"hostname":"RIDWANSATRIA","memory_usage":"4 MB","git":[]}
[2022-07-25T16:47:55.343455+02:00] Ridwan\Belajar\PHP\MVC\ResetTest.INFO: Perulangan ke-233 [] {"hostname":"RIDWANSATRIA","memory_usage":"4 MB","git":[]}
[2022-07-25T16:47:55.983077+02:00] Ridwan\Belajar\PHP\MVC\ResetTest.INFO: Perulangan ke-234 [] {"hostname":"RIDWANSATRIA","memory_usage":"4 MB","git":[]}
[2022-07-25T16:47:56.232290+02:00] Ridwan\Belajar\PHP\MVC\ResetTest.INFO: Perulangan ke-235 [] {"hostname":"RIDWANSATRIA","memory_usage":"4 MB","git":[]}
[2022-07-25T16:47:56.443163+02:00] Ridwan\Belajar\PHP\MVC\ResetTest.INFO: Perulangan ke-236 [] {"hostname":"RIDWANSATRIA","memory_usage":"4 MB","git":[]}
[2022-07-25T16:47:56.628077+02:00] Ridwan\Belajar\PHP\MVC\ResetTest.INFO: Perulangan ke-237 [] {"hostname":"RIDWANSATRIA","memory_usage":"4 MB","git":[]}
[2022-07-25T16:47:56.796438+02:00] Ridwan\Belajar\PHP\MVC\ResetTest.INFO: Perulangan ke-238 [] {"hostname":"RIDWANSATRIA","memory_usage":"4 MB","git":[]}
[2022-07-25T16:47:57.009947+02:00] Ridwan\Belajar\PHP\MVC\ResetTest.INFO: Perulangan ke-239 [] {"hostname":"RIDWANSATRIA","memory_usage":"4 MB","git":[]}
[2022-07-25T16:47:57.225187+02:00] Ridwan\Belajar\PHP\MVC\ResetTest.INFO: Perulangan ke-240 [] {"hostname":"RIDWANSATRIA","memory_usage":"4 MB","git":[]}
[2022-07-25T16:47:57.428383+02:00] Ridwan\Belajar\PHP\MVC\ResetTest.INFO: Perulangan ke-241 [] {"hostname":"RIDWANSATRIA","memory_usage":"4 MB","git":[]}
[2022-07-25T16:47:57.590818+02:00] Ridwan\Belajar\PHP\MVC\ResetTest.INFO: Perulangan ke-242 [] {"hostname":"RIDWANSATRIA","memory_usage":"4 MB","git":[]}
[2022-07-25T16:47:57.796256+02:00] Ridwan\Belajar\PHP\MVC\ResetTest.INFO: Perulangan ke-243 [] {"hostname":"RIDWANSATRIA","memory_usage":"4 MB","git":[]}
[2022-07-25T16:47:57.974074+02:00] Ridwan\Belajar\PHP\MVC\ResetTest.INFO: Perulangan ke-244 [] {"hostname":"RIDWANSATRIA","memory_usage":"4 MB","git":[]}
[2022-07-25T16:47:58.155828+02:00] Ridwan\Belajar\PHP\MVC\ResetTest.INFO: Perulangan ke-245 [] {"hostname":"RIDWANSATRIA","memory_usage":"4 MB","git":[]}
[2022-07-25T16:47:58.395949+02:00] Ridwan\Belajar\PHP\MVC\ResetTest.INFO: Perulangan ke-246 [] {"hostname":"RIDWANSATRIA","memory_usage":"4 MB","git":[]}
[2022-07-25T16:47:58.680453+02:00] Ridwan\Belajar\PHP\MVC\ResetTest.INFO: Perulangan ke-247 [] {"hostname":"RIDWANSATRIA","memory_usage":"4 MB","git":[]}
[2022-07-25T16:47:58.942253+02:00] Ridwan\Belajar\PHP\MVC\ResetTest.INFO: Perulangan ke-248 [] {"hostname":"RIDWANSATRIA","memory_usage":"4 MB","git":[]}
[2022-07-25T16:47:59.774024+02:00] Ridwan\Belajar\PHP\MVC\ResetTest.INFO: Perulangan ke-249 [] {"hostname":"RIDWANSATRIA","memory_usage":"4 MB","git":[]}
[2022-07-25T16:48:00.670556+02:00] Ridwan\Belajar\PHP\MVC\ResetTest.INFO: Perulangan ke-250 [] {"hostname":"RIDWANSATRIA","memory_usage":"4 MB","git":[]}
[2022-07-25T16:48:00.935339+02:00] Ridwan\Belajar\PHP\MVC\ResetTest.INFO: Perulangan ke-251 [] {"hostname":"RIDWANSATRIA","memory_usage":"4 MB","git":[]}
[2022-07-25T16:48:01.125792+02:00] Ridwan\Belajar\PHP\MVC\ResetTest.INFO: Perulangan ke-252 [] {"hostname":"RIDWANSATRIA","memory_usage":"4 MB","git":[]}
[2022-07-25T16:48:01.339795+02:00] Ridwan\Belajar\PHP\MVC\ResetTest.INFO: Perulangan ke-253 [] {"hostname":"RIDWANSATRIA","memory_usage":"4 MB","git":[]}
[2022-07-25T16:48:01.778381+02:00] Ridwan\Belajar\PHP\MVC\ResetTest.INFO: Perulangan ke-254 [] {"hostname":"RIDWANSATRIA","memory_usage":"4 MB","git":[]}
[2022-07-25T16:48:02.358944+02:00] Ridwan\Belajar\PHP\MVC\ResetTest.INFO: Perulangan ke-255 [] {"hostname":"RIDWANSATRIA","memory_usage":"4 MB","git":[]}
[2022-07-25T16:48:02.610699+02:00] Ridwan\Belajar\PHP\MVC\ResetTest.INFO: Perulangan ke-256 [] {"hostname":"RIDWANSATRIA","memory_usage":"4 MB","git":[]}
[2022-07-25T16:48:02.899878+02:00] Ridwan\Belajar\PHP\MVC\ResetTest.INFO: Perulangan ke-257 [] {"hostname":"RIDWANSATRIA","memory_usage":"4 MB","git":[]}
[2022-07-25T16:48:03.117256+02:00] Ridwan\Belajar\PHP\MVC\ResetTest.INFO: Perulangan ke-258 [] {"hostname":"RIDWANSATRIA","memory_usage":"4 MB","git":[]}
[2022-07-25T16:48:03.301082+02:00] Ridwan\Belajar\PHP\MVC\ResetTest.INFO: Perulangan ke-259 [] {"hostname":"RIDWANSATRIA","memory_usage":"4 MB","git":[]}
[2022-07-25T16:48:03.450979+02:00] Ridwan\Belajar\PHP\MVC\ResetTest.INFO: Perulangan ke-260 [] {"hostname":"RIDWANSATRIA","memory_usage":"4 MB","git":[]}
[2022-07-25T16:48:03.620573+02:00] Ridwan\Belajar\PHP\MVC\ResetTest.INFO: Perulangan ke-261 [] {"hostname":"RIDWANSATRIA","memory_usage":"4 MB","git":[]}
[2022-07-25T16:48:03.804842+02:00] Ridwan\Belajar\PHP\MVC\ResetTest.INFO: Perulangan ke-262 [] {"hostname":"RIDWANSATRIA","memory_usage":"4 MB","git":[]}
[2022-07-25T16:48:03.987906+02:00] Ridwan\Belajar\PHP\MVC\ResetTest.INFO: Perulangan ke-263 [] {"hostname":"RIDWANSATRIA","memory_usage":"4 MB","git":[]}
[2022-07-25T16:48:04.200896+02:00] Ridwan\Belajar\PHP\MVC\ResetTest.INFO: Perulangan ke-264 [] {"hostname":"RIDWANSATRIA","memory_usage":"4 MB","git":[]}
[2022-07-25T16:48:04.401997+02:00] Ridwan\Belajar\PHP\MVC\ResetTest.INFO: Perulangan ke-265 [] {"hostname":"RIDWANSATRIA","memory_usage":"4 MB","git":[]}
[2022-07-25T16:48:04.640343+02:00] Ridwan\Belajar\PHP\MVC\ResetTest.INFO: Perulangan ke-266 [] {"hostname":"RIDWANSATRIA","memory_usage":"4 MB","git":[]}
[2022-07-25T16:48:04.831218+02:00] Ridwan\Belajar\PHP\MVC\ResetTest.INFO: Perulangan ke-267 [] {"hostname":"RIDWANSATRIA","memory_usage":"4 MB","git":[]}
[2022-07-25T16:48:05.324775+02:00] Ridwan\Belajar\PHP\MVC\ResetTest.INFO: Perulangan ke-268 [] {"hostname":"RIDWANSATRIA","memory_usage":"4 MB","git":[]}
[2022-07-25T16:48:05.536851+02:00] Ridwan\Belajar\PHP\MVC\ResetTest.INFO: Perulangan ke-269 [] {"hostname":"RIDWANSATRIA","memory_usage":"4 MB","git":[]}
[2022-07-25T16:48:05.781772+02:00] Ridwan\Belajar\PHP\MVC\ResetTest.INFO: Perulangan ke-270 [] {"hostname":"RIDWANSATRIA","memory_usage":"4 MB","git":[]}
[2022-07-25T16:48:06.050940+02:00] Ridwan\Belajar\PHP\MVC\ResetTest.INFO: Perulangan ke-271 [] {"hostname":"RIDWANSATRIA","memory_usage":"4 MB","git":[]}
[2022-07-25T16:48:06.334404+02:00] Ridwan\Belajar\PHP\MVC\ResetTest.INFO: Perulangan ke-272 [] {"hostname":"RIDWANSATRIA","memory_usage":"4 MB","git":[]}
[2022-07-25T16:48:06.600031+02:00] Ridwan\Belajar\PHP\MVC\ResetTest.INFO: Perulangan ke-273 [] {"hostname":"RIDWANSATRIA","memory_usage":"4 MB","git":[]}
[2022-07-25T16:48:08.044540+02:00] Ridwan\Belajar\PHP\MVC\ResetTest.INFO: Perulangan ke-274 [] {"hostname":"RIDWANSATRIA","memory_usage":"4 MB","git":[]}
[2022-07-25T16:48:08.535038+02:00] Ridwan\Belajar\PHP\MVC\ResetTest.INFO: Perulangan ke-275 [] {"hostname":"RIDWANSATRIA","memory_usage":"4 MB","git":[]}
[2022-07-25T16:48:08.671028+02:00] Ridwan\Belajar\PHP\MVC\ResetTest.INFO: Perulangan ke-276 [] {"hostname":"RIDWANSATRIA","memory_usage":"4 MB","git":[]}
[2022-07-25T16:48:08.810287+02:00] Ridwan\Belajar\PHP\MVC\ResetTest.INFO: Perulangan ke-277 [] {"hostname":"RIDWANSATRIA","memory_usage":"4 MB","git":[]}
[2022-07-25T16:48:08.932473+02:00] Ridwan\Belajar\PHP\MVC\ResetTest.INFO: Perulangan ke-278 [] {"hostname":"RIDWANSATRIA","memory_usage":"4 MB","git":[]}
[2022-07-25T16:48:09.070102+02:00] Ridwan\Belajar\PHP\MVC\ResetTest.INFO: Perulangan ke-279 [] {"hostname":"RIDWANSATRIA","memory_usage":"4 MB","git":[]}
[2022-07-25T16:48:09.224427+02:00] Ridwan\Belajar\PHP\MVC\ResetTest.INFO: Perulangan ke-280 [] {"hostname":"RIDWANSATRIA","memory_usage":"4 MB","git":[]}
[2022-07-25T16:48:09.530286+02:00] Ridwan\Belajar\PHP\MVC\ResetTest.INFO: Perulangan ke-281 [] {"hostname":"RIDWANSATRIA","memory_usage":"4 MB","git":[]}
[2022-07-25T16:48:09.730079+02:00] Ridwan\Belajar\PHP\MVC\ResetTest.INFO: Perulangan ke-282 [] {"hostname":"RIDWANSATRIA","memory_usage":"4 MB","git":[]}
[2022-07-25T16:48:09.897555+02:00] Ridwan\Belajar\PHP\MVC\ResetTest.INFO: Perulangan ke-283 [] {"hostname":"RIDWANSATRIA","memory_usage":"4 MB","git":[]}
[2022-07-25T16:48:10.109255+02:00] Ridwan\Belajar\PHP\MVC\ResetTest.INFO: Perulangan ke-284 [] {"hostname":"RIDWANSATRIA","memory_usage":"4 MB","git":[]}
[2022-07-25T16:48:10.325997+02:00] Ridwan\Belajar\PHP\MVC\ResetTest.INFO: Perulangan ke-285 [] {"hostname":"RIDWANSATRIA","memory_usage":"4 MB","git":[]}
[2022-07-25T16:48:10.487853+02:00] Ridwan\Belajar\PHP\MVC\ResetTest.INFO: Perulangan ke-286 [] {"hostname":"RIDWANSATRIA","memory_usage":"4 MB","git":[]}
[2022-07-25T16:48:10.624538+02:00] Ridwan\Belajar\PHP\MVC\ResetTest.INFO: Perulangan ke-287 [] {"hostname":"RIDWANSATRIA","memory_usage":"4 MB","git":[]}
[2022-07-25T16:48:10.765006+02:00] Ridwan\Belajar\PHP\MVC\ResetTest.INFO: Perulangan ke-288 [] {"hostname":"RIDWANSATRIA","memory_usage":"4 MB","git":[]}
[2022-07-25T16:48:10.912314+02:00] Ridwan\Belajar\PHP\MVC\ResetTest.INFO: Perulangan ke-289 [] {"hostname":"RIDWANSATRIA","memory_usage":"4 MB","git":[]}
[2022-07-25T16:48:11.095450+02:00] Ridwan\Belajar\PHP\MVC\ResetTest.INFO: Perulangan ke-290 [] {"hostname":"RIDWANSATRIA","memory_usage":"4 MB","git":[]}
[2022-07-25T16:48:11.204486+02:00] Ridwan\Belajar\PHP\MVC\ResetTest.INFO: Perulangan ke-291 [] {"hostname":"RIDWANSATRIA","memory_usage":"4 MB","git":[]}
[2022-07-25T16:48:11.341982+02:00] Ridwan\Belajar\PHP\MVC\ResetTest.INFO: Perulangan ke-292 [] {"hostname":"RIDWANSATRIA","memory_usage":"4 MB","git":[]}
[2022-07-25T16:48:11.487654+02:00] Ridwan\Belajar\PHP\MVC\ResetTest.INFO: Perulangan ke-293 [] {"hostname":"RIDWANSATRIA","memory_usage":"4 MB","git":[]}
[2022-07-25T16:48:11.601572+02:00] Ridwan\Belajar\PHP\MVC\ResetTest.INFO: Perulangan ke-294 [] {"hostname":"RIDWANSATRIA","memory_usage":"4 MB","git":[]}
[2022-07-25T16:48:11.738100+02:00] Ridwan\Belajar\PHP\MVC\ResetTest.INFO: Perulangan ke-295 [] {"hostname":"RIDWANSATRIA","memory_usage":"4 MB","git":[]}
[2022-07-25T16:48:11.873312+02:00] Ridwan\Belajar\PHP\MVC\ResetTest.INFO: Perulangan ke-296 [] {"hostname":"RIDWANSATRIA","memory_usage":"4 MB","git":[]}
[2022-07-25T16:48:12.008584+02:00] Ridwan\Belajar\PHP\MVC\ResetTest.INFO: Perulangan ke-297 [] {"hostname":"RIDWANSATRIA","memory_usage":"4 MB","git":[]}
[2022-07-25T16:48:12.114808+02:00] Ridwan\Belajar\PHP\MVC\ResetTest.INFO: Perulangan ke-298 [] {"hostname":"RIDWANSATRIA","memory_usage":"4 MB","git":[]}
[2022-07-25T16:48:12.284187+02:00] Ridwan\Belajar\PHP\MVC\ResetTest.INFO: Perulangan ke-299 [] {"hostname":"RIDWANSATRIA","memory_usage":"4 MB","git":[]}
[2022-07-25T16:48:12.420567+02:00] Ridwan\Belajar\PHP\MVC\ResetTest.INFO: Perulangan ke-300 [] {"hostname":"RIDWANSATRIA","memory_usage":"4 MB","git":[]}
[2022-07-25T16:48:12.543148+02:00] Ridwan\Belajar\PHP\MVC\ResetTest.INFO: Perulangan ke-301 [] {"hostname":"RIDWANSATRIA","memory_usage":"4 MB","git":[]}
[2022-07-25T16:48:12.682885+02:00] Ridwan\Belajar\PHP\MVC\ResetTest.INFO: Perulangan ke-302 [] {"hostname":"RIDWANSATRIA","memory_usage":"4 MB","git":[]}
[2022-07-25T16:48:12.805399+02:00] Ridwan\Belajar\PHP\MVC\ResetTest.INFO: Perulangan ke-303 [] {"hostname":"RIDWANSATRIA","memory_usage":"4 MB","git":[]}
[2022-07-25T16:48:12.943272+02:00] Ridwan\Belajar\PHP\MVC\ResetTest.INFO: Perulangan ke-304 [] {"hostname":"RIDWANSATRIA","memory_usage":"4 MB","git":[]}
[2022-07-25T16:48:13.060912+02:00] Ridwan\Belajar\PHP\MVC\ResetTest.INFO: Perulangan ke-305 [] {"hostname":"RIDWANSATRIA","memory_usage":"4 MB","git":[]}
[2022-07-25T16:48:13.162022+02:00] Ridwan\Belajar\PHP\MVC\ResetTest.INFO: Perulangan ke-306 [] {"hostname":"RIDWANSATRIA","memory_usage":"4 MB","git":[]}
[2022-07-25T16:48:13.278320+02:00] Ridwan\Belajar\PHP\MVC\ResetTest.INFO: Perulangan ke-307 [] {"hostname":"RIDWANSATRIA","memory_usage":"4 MB","git":[]}
[2022-07-25T16:48:13.425308+02:00] Ridwan\Belajar\PHP\MVC\ResetTest.INFO: Perulangan ke-308 [] {"hostname":"RIDWANSATRIA","memory_usage":"4 MB","git":[]}
[2022-07-25T16:48:13.548332+02:00] Ridwan\Belajar\PHP\MVC\ResetTest.INFO: Perulangan ke-309 [] {"hostname":"RIDWANSATRIA","memory_usage":"4 MB","git":[]}
[2022-07-25T16:48:13.670999+02:00] Ridwan\Belajar\PHP\MVC\ResetTest.INFO: Perulangan ke-310 [] {"hostname":"RIDWANSATRIA","memory_usage":"4 MB","git":[]}
